<?xml version="1.0" encoding="UTF-8"?>
<!-- Generated by org.testng.reporters.JUnitXMLReporter -->
<testsuite hostname="CDC2-D-CJ3MXJ2" ignored="0" name="Default test" tests="5" failures="0" timestamp="17 Jul 2019 10:19:32 GMT" time="68.606" errors="0">
  <testcase name="OpenChrome" time="26.744" classname="TestMePackage1.OnlineShoppingTest"/>
  <testcase name="testRegistration" time="11.519" classname="TestMePackage1.OnlineShoppingTest"/>
  <testcase name="testLogin" time="6.196" classname="TestMePackage1.OnlineShoppingTest"/>
  <testcase name="testCart" time="5.59" classname="TestMePackage1.OnlineShoppingTest"/>
  <testcase name="testPayment" time="17.7" classname="TestMePackage1.OnlineShoppingTest"/>
</testsuite> <!-- Default test -->
